2024-09-04 09:33:14,881 [Worker-6: Loading available Gradle versions] INFO  o.e.b.c.i.u.g.PublishedGradleVersions - Gradle version information cache is up-to-date. Trying to read.
2024-09-04 11:38:54,353 [Worker-52: Importing Maven projects] INFO  o.e.m.c.i.l.LifecycleMappingFactory - Using org.eclipse.m2e.jdt.JarLifecycleMapping lifecycle mapping for MavenProject: com.example:spring-rest-api-with-mongo-db:0.0.1-SNAPSHOT @ D:\Desktop\RPS Vendor\CGI_Adv_Java_Training\spring boot with no sql database\spring-rest-api-with-mongo-db\spring-rest-api-with-mongo-db\pom.xml.
2024-09-04 11:39:00,436 [Worker-52: Importing Maven projects] INFO  o.e.m.j.i.AbstractJavaProjectConfigurator - Adding source folder /spring-rest-api-with-mongo-db/src/main/java
2024-09-04 11:39:00,444 [Worker-52: Importing Maven projects] INFO  o.e.m.j.i.AbstractJavaProjectConfigurator - Adding resource folder /spring-rest-api-with-mongo-db/src/main/resources
2024-09-04 11:39:00,466 [Worker-52: Importing Maven projects] INFO  o.e.m.j.i.AbstractJavaProjectConfigurator - Adding resource folder /spring-rest-api-with-mongo-db/src/main/resources
2024-09-04 11:39:00,490 [Worker-52: Importing Maven projects] INFO  o.e.m.j.i.AbstractJavaProjectConfigurator - Adding source folder /spring-rest-api-with-mongo-db/src/test/java
2024-09-04 11:39:00,493 [Worker-52: Importing Maven projects] INFO  o.e.m.j.i.AbstractJavaProjectConfigurator - Adding resource folder /spring-rest-api-with-mongo-db/src/test/resources
2024-09-04 11:39:06,095 [Worker-52: Importing Maven projects] INFO  o.e.m.c.i.p.ProjectConfigurationManager - Imported and configured 1 project(s) in 19 sec
2024-09-04 11:39:08,783 [Worker-52: Building] INFO  o.a.m.s.f.DefaultMavenResourcesFiltering - Copying 1 resource from src\main\resources to target\classes
2024-09-04 11:39:08,808 [Worker-52: Building] INFO  o.a.m.s.f.DefaultMavenResourcesFiltering - Copying 0 resource from src\main\resources to target\classes
2024-09-04 11:39:08,816 [Worker-52: Building] INFO  o.a.m.s.f.DefaultMavenResourcesFiltering - skip non existing resourceDirectory D:\Desktop\RPS Vendor\CGI_Adv_Java_Training\spring boot with no sql database\spring-rest-api-with-mongo-db\spring-rest-api-with-mongo-db\src\test\resources
2024-09-04 11:42:33,553 [Worker-51: Building] INFO  o.a.m.s.f.DefaultMavenResourcesFiltering - Copying 1 resource from src\main\resources to target\classes
2024-09-04 11:42:33,558 [Worker-51: Building] INFO  o.a.m.s.f.DefaultMavenResourcesFiltering - Copying 0 resource from src\main\resources to target\classes
2024-09-04 11:42:33,562 [Worker-51: Building] INFO  o.a.m.s.f.DefaultMavenResourcesFiltering - skip non existing resourceDirectory D:\Desktop\RPS Vendor\CGI_Adv_Java_Training\spring boot with no sql database\spring-rest-api-with-mongo-db\spring-rest-api-with-mongo-db\src\test\resources
2024-09-04 11:42:48,709 [Worker-51: Building] INFO  o.a.m.s.f.DefaultMavenResourcesFiltering - Copying 1 resource from src\main\resources to target\classes
2024-09-04 11:42:48,713 [Worker-51: Building] INFO  o.a.m.s.f.DefaultMavenResourcesFiltering - Copying 0 resource from src\main\resources to target\classes
2024-09-04 11:42:48,718 [Worker-51: Building] INFO  o.a.m.s.f.DefaultMavenResourcesFiltering - skip non existing resourceDirectory D:\Desktop\RPS Vendor\CGI_Adv_Java_Training\spring boot with no sql database\spring-rest-api-with-mongo-db\spring-rest-api-with-mongo-db\src\test\resources
2024-09-04 11:42:59,192 [Worker-51: Building] INFO  o.a.m.s.f.DefaultMavenResourcesFiltering - Copying 1 resource from src\main\resources to target\classes
2024-09-04 11:42:59,205 [Worker-51: Building] INFO  o.a.m.s.f.DefaultMavenResourcesFiltering - Copying 0 resource from src\main\resources to target\classes
2024-09-04 11:42:59,208 [Worker-51: Building] INFO  o.a.m.s.f.DefaultMavenResourcesFiltering - skip non existing resourceDirectory D:\Desktop\RPS Vendor\CGI_Adv_Java_Training\spring boot with no sql database\spring-rest-api-with-mongo-db\spring-rest-api-with-mongo-db\src\test\resources
2024-09-04 11:43:52,788 [Worker-52: Building] INFO  o.a.m.s.f.DefaultMavenResourcesFiltering - Copying 1 resource from src\main\resources to target\classes
2024-09-04 11:43:52,793 [Worker-52: Building] INFO  o.a.m.s.f.DefaultMavenResourcesFiltering - Copying 0 resource from src\main\resources to target\classes
2024-09-04 11:43:52,796 [Worker-52: Building] INFO  o.a.m.s.f.DefaultMavenResourcesFiltering - skip non existing resourceDirectory D:\Desktop\RPS Vendor\CGI_Adv_Java_Training\spring boot with no sql database\spring-rest-api-with-mongo-db\spring-rest-api-with-mongo-db\src\test\resources
2024-09-04 11:45:09,415 [Worker-52: Building] INFO  o.a.m.s.f.DefaultMavenResourcesFiltering - Copying 1 resource from src\main\resources to target\classes
2024-09-04 11:45:09,421 [Worker-52: Building] INFO  o.a.m.s.f.DefaultMavenResourcesFiltering - Copying 0 resource from src\main\resources to target\classes
2024-09-04 11:45:09,423 [Worker-52: Building] INFO  o.a.m.s.f.DefaultMavenResourcesFiltering - skip non existing resourceDirectory D:\Desktop\RPS Vendor\CGI_Adv_Java_Training\spring boot with no sql database\spring-rest-api-with-mongo-db\spring-rest-api-with-mongo-db\src\test\resources
2024-09-04 11:45:25,475 [Worker-52: Building] INFO  o.a.m.s.f.DefaultMavenResourcesFiltering - Copying 1 resource from src\main\resources to target\classes
2024-09-04 11:45:25,482 [Worker-52: Building] INFO  o.a.m.s.f.DefaultMavenResourcesFiltering - Copying 0 resource from src\main\resources to target\classes
2024-09-04 11:45:25,486 [Worker-52: Building] INFO  o.a.m.s.f.DefaultMavenResourcesFiltering - skip non existing resourceDirectory D:\Desktop\RPS Vendor\CGI_Adv_Java_Training\spring boot with no sql database\spring-rest-api-with-mongo-db\spring-rest-api-with-mongo-db\src\test\resources
2024-09-04 11:46:02,143 [Worker-61: Building] INFO  o.a.m.s.f.DefaultMavenResourcesFiltering - Copying 1 resource from src\main\resources to target\classes
2024-09-04 11:46:02,146 [Worker-61: Building] INFO  o.a.m.s.f.DefaultMavenResourcesFiltering - Copying 0 resource from src\main\resources to target\classes
2024-09-04 11:46:02,151 [Worker-61: Building] INFO  o.a.m.s.f.DefaultMavenResourcesFiltering - skip non existing resourceDirectory D:\Desktop\RPS Vendor\CGI_Adv_Java_Training\spring boot with no sql database\spring-rest-api-with-mongo-db\spring-rest-api-with-mongo-db\src\test\resources
2024-09-04 11:47:22,579 [Worker-61: Building] INFO  o.a.m.s.f.DefaultMavenResourcesFiltering - Copying 1 resource from src\main\resources to target\classes
2024-09-04 11:47:22,613 [Worker-61: Building] INFO  o.a.m.s.f.DefaultMavenResourcesFiltering - Copying 0 resource from src\main\resources to target\classes
2024-09-04 11:47:22,626 [Worker-61: Building] INFO  o.a.m.s.f.DefaultMavenResourcesFiltering - skip non existing resourceDirectory D:\Desktop\RPS Vendor\CGI_Adv_Java_Training\spring boot with no sql database\spring-rest-api-with-mongo-db\spring-rest-api-with-mongo-db\src\test\resources
2024-09-04 11:47:57,623 [Worker-58: Building] INFO  o.a.m.s.f.DefaultMavenResourcesFiltering - Copying 1 resource from src\main\resources to target\classes
2024-09-04 11:47:57,628 [Worker-58: Building] INFO  o.a.m.s.f.DefaultMavenResourcesFiltering - Copying 0 resource from src\main\resources to target\classes
2024-09-04 11:47:57,633 [Worker-58: Building] INFO  o.a.m.s.f.DefaultMavenResourcesFiltering - skip non existing resourceDirectory D:\Desktop\RPS Vendor\CGI_Adv_Java_Training\spring boot with no sql database\spring-rest-api-with-mongo-db\spring-rest-api-with-mongo-db\src\test\resources
2024-09-04 11:48:26,248 [Worker-59: Building] INFO  o.a.m.s.f.DefaultMavenResourcesFiltering - Copying 1 resource from src\main\resources to target\classes
2024-09-04 11:48:26,256 [Worker-59: Building] INFO  o.a.m.s.f.DefaultMavenResourcesFiltering - Copying 0 resource from src\main\resources to target\classes
2024-09-04 11:48:26,266 [Worker-59: Building] INFO  o.a.m.s.f.DefaultMavenResourcesFiltering - skip non existing resourceDirectory D:\Desktop\RPS Vendor\CGI_Adv_Java_Training\spring boot with no sql database\spring-rest-api-with-mongo-db\spring-rest-api-with-mongo-db\src\test\resources
2024-09-04 11:50:01,736 [Worker-63: Building] INFO  o.a.m.s.f.DefaultMavenResourcesFiltering - Copying 1 resource from src\main\resources to target\classes
2024-09-04 11:50:01,743 [Worker-63: Building] INFO  o.a.m.s.f.DefaultMavenResourcesFiltering - Copying 0 resource from src\main\resources to target\classes
2024-09-04 11:50:01,747 [Worker-63: Building] INFO  o.a.m.s.f.DefaultMavenResourcesFiltering - skip non existing resourceDirectory D:\Desktop\RPS Vendor\CGI_Adv_Java_Training\spring boot with no sql database\spring-rest-api-with-mongo-db\spring-rest-api-with-mongo-db\src\test\resources
2024-09-04 11:52:05,066 [Worker-59: Building] INFO  o.a.m.s.f.DefaultMavenResourcesFiltering - Copying 1 resource from src\main\resources to target\classes
2024-09-04 11:52:05,072 [Worker-59: Building] INFO  o.a.m.s.f.DefaultMavenResourcesFiltering - Copying 0 resource from src\main\resources to target\classes
2024-09-04 11:52:05,075 [Worker-59: Building] INFO  o.a.m.s.f.DefaultMavenResourcesFiltering - skip non existing resourceDirectory D:\Desktop\RPS Vendor\CGI_Adv_Java_Training\spring boot with no sql database\spring-rest-api-with-mongo-db\spring-rest-api-with-mongo-db\src\test\resources
2024-09-04 11:53:01,459 [Worker-59: Building] INFO  o.a.m.s.f.DefaultMavenResourcesFiltering - Copying 1 resource from src\main\resources to target\classes
2024-09-04 11:53:01,464 [Worker-59: Building] INFO  o.a.m.s.f.DefaultMavenResourcesFiltering - Copying 0 resource from src\main\resources to target\classes
2024-09-04 11:53:01,467 [Worker-59: Building] INFO  o.a.m.s.f.DefaultMavenResourcesFiltering - skip non existing resourceDirectory D:\Desktop\RPS Vendor\CGI_Adv_Java_Training\spring boot with no sql database\spring-rest-api-with-mongo-db\spring-rest-api-with-mongo-db\src\test\resources
2024-09-04 11:54:31,639 [Worker-52: Building] INFO  o.a.m.s.f.DefaultMavenResourcesFiltering - Copying 1 resource from src\main\resources to target\classes
2024-09-04 11:54:31,644 [Worker-52: Building] INFO  o.a.m.s.f.DefaultMavenResourcesFiltering - Copying 0 resource from src\main\resources to target\classes
2024-09-04 11:54:31,646 [Worker-52: Building] INFO  o.a.m.s.f.DefaultMavenResourcesFiltering - skip non existing resourceDirectory D:\Desktop\RPS Vendor\CGI_Adv_Java_Training\spring boot with no sql database\spring-rest-api-with-mongo-db\spring-rest-api-with-mongo-db\src\test\resources
2024-09-04 11:55:26,903 [Worker-52: Building] INFO  o.a.m.s.f.DefaultMavenResourcesFiltering - Copying 1 resource from src\main\resources to target\classes
2024-09-04 11:55:26,916 [Worker-52: Building] INFO  o.a.m.s.f.DefaultMavenResourcesFiltering - Copying 0 resource from src\main\resources to target\classes
2024-09-04 11:55:26,922 [Worker-52: Building] INFO  o.a.m.s.f.DefaultMavenResourcesFiltering - skip non existing resourceDirectory D:\Desktop\RPS Vendor\CGI_Adv_Java_Training\spring boot with no sql database\spring-rest-api-with-mongo-db\spring-rest-api-with-mongo-db\src\test\resources
2024-09-04 12:17:25,903 [Worker-62: Building] INFO  o.a.m.s.f.DefaultMavenResourcesFiltering - Copying 1 resource from src\main\resources to target\classes
2024-09-04 12:17:25,918 [Worker-62: Building] INFO  o.a.m.s.f.DefaultMavenResourcesFiltering - Copying 0 resource from src\main\resources to target\classes
2024-09-04 12:17:25,923 [Worker-62: Building] INFO  o.a.m.s.f.DefaultMavenResourcesFiltering - skip non existing resourceDirectory D:\Desktop\RPS Vendor\CGI_Adv_Java_Training\spring boot with no sql database\spring-rest-api-with-mongo-db\spring-rest-api-with-mongo-db\src\test\resources
2024-09-04 12:17:51,270 [Worker-67: Building] INFO  o.a.m.s.f.DefaultMavenResourcesFiltering - Copying 1 resource from src\main\resources to target\classes
2024-09-04 12:17:51,297 [Worker-67: Building] INFO  o.a.m.s.f.DefaultMavenResourcesFiltering - Copying 0 resource from src\main\resources to target\classes
2024-09-04 12:17:51,299 [Worker-67: Building] INFO  o.a.m.s.f.DefaultMavenResourcesFiltering - skip non existing resourceDirectory D:\Desktop\RPS Vendor\CGI_Adv_Java_Training\spring boot with no sql database\spring-rest-api-with-mongo-db\spring-rest-api-with-mongo-db\src\test\resources
2024-09-04 12:18:25,064 [Worker-73: Building] INFO  o.a.m.s.f.DefaultMavenResourcesFiltering - Copying 1 resource from src\main\resources to target\classes
2024-09-04 12:18:25,070 [Worker-73: Building] INFO  o.a.m.s.f.DefaultMavenResourcesFiltering - Copying 0 resource from src\main\resources to target\classes
2024-09-04 12:18:25,071 [Worker-73: Building] INFO  o.a.m.s.f.DefaultMavenResourcesFiltering - skip non existing resourceDirectory D:\Desktop\RPS Vendor\CGI_Adv_Java_Training\spring boot with no sql database\spring-rest-api-with-mongo-db\spring-rest-api-with-mongo-db\src\test\resources
2024-09-04 12:18:36,565 [Worker-62: Building] INFO  o.a.m.s.f.DefaultMavenResourcesFiltering - Copying 1 resource from src\main\resources to target\classes
2024-09-04 12:18:36,571 [Worker-62: Building] INFO  o.a.m.s.f.DefaultMavenResourcesFiltering - Copying 0 resource from src\main\resources to target\classes
2024-09-04 12:18:36,573 [Worker-62: Building] INFO  o.a.m.s.f.DefaultMavenResourcesFiltering - skip non existing resourceDirectory D:\Desktop\RPS Vendor\CGI_Adv_Java_Training\spring boot with no sql database\spring-rest-api-with-mongo-db\spring-rest-api-with-mongo-db\src\test\resources
2024-09-04 12:18:49,486 [Worker-73: Building] INFO  o.a.m.s.f.DefaultMavenResourcesFiltering - Copying 1 resource from src\main\resources to target\classes
2024-09-04 12:18:49,493 [Worker-73: Building] INFO  o.a.m.s.f.DefaultMavenResourcesFiltering - Copying 0 resource from src\main\resources to target\classes
2024-09-04 12:18:49,496 [Worker-73: Building] INFO  o.a.m.s.f.DefaultMavenResourcesFiltering - skip non existing resourceDirectory D:\Desktop\RPS Vendor\CGI_Adv_Java_Training\spring boot with no sql database\spring-rest-api-with-mongo-db\spring-rest-api-with-mongo-db\src\test\resources
2024-09-04 12:19:38,622 [Worker-74: Building] INFO  o.a.m.s.f.DefaultMavenResourcesFiltering - Copying 1 resource from src\main\resources to target\classes
2024-09-04 12:19:38,626 [Worker-74: Building] INFO  o.a.m.s.f.DefaultMavenResourcesFiltering - Copying 0 resource from src\main\resources to target\classes
2024-09-04 12:19:38,628 [Worker-74: Building] INFO  o.a.m.s.f.DefaultMavenResourcesFiltering - skip non existing resourceDirectory D:\Desktop\RPS Vendor\CGI_Adv_Java_Training\spring boot with no sql database\spring-rest-api-with-mongo-db\spring-rest-api-with-mongo-db\src\test\resources
2024-09-04 12:21:05,071 [Worker-71: Building] INFO  o.a.m.s.f.DefaultMavenResourcesFiltering - Copying 1 resource from src\main\resources to target\classes
2024-09-04 12:21:05,075 [Worker-71: Building] INFO  o.a.m.s.f.DefaultMavenResourcesFiltering - Copying 0 resource from src\main\resources to target\classes
2024-09-04 12:21:05,076 [Worker-71: Building] INFO  o.a.m.s.f.DefaultMavenResourcesFiltering - skip non existing resourceDirectory D:\Desktop\RPS Vendor\CGI_Adv_Java_Training\spring boot with no sql database\spring-rest-api-with-mongo-db\spring-rest-api-with-mongo-db\src\test\resources
2024-09-04 12:21:27,579 [Worker-67: Building] INFO  o.a.m.s.f.DefaultMavenResourcesFiltering - Copying 1 resource from src\main\resources to target\classes
2024-09-04 12:21:27,582 [Worker-67: Building] INFO  o.a.m.s.f.DefaultMavenResourcesFiltering - Copying 0 resource from src\main\resources to target\classes
2024-09-04 12:21:27,584 [Worker-67: Building] INFO  o.a.m.s.f.DefaultMavenResourcesFiltering - skip non existing resourceDirectory D:\Desktop\RPS Vendor\CGI_Adv_Java_Training\spring boot with no sql database\spring-rest-api-with-mongo-db\spring-rest-api-with-mongo-db\src\test\resources
2024-09-04 12:21:38,945 [Worker-71: Building] INFO  o.a.m.s.f.DefaultMavenResourcesFiltering - Copying 1 resource from src\main\resources to target\classes
2024-09-04 12:21:38,955 [Worker-71: Building] INFO  o.a.m.s.f.DefaultMavenResourcesFiltering - Copying 0 resource from src\main\resources to target\classes
2024-09-04 12:21:38,958 [Worker-71: Building] INFO  o.a.m.s.f.DefaultMavenResourcesFiltering - skip non existing resourceDirectory D:\Desktop\RPS Vendor\CGI_Adv_Java_Training\spring boot with no sql database\spring-rest-api-with-mongo-db\spring-rest-api-with-mongo-db\src\test\resources
2024-09-04 12:23:18,732 [Worker-67: Building] INFO  o.a.m.s.f.DefaultMavenResourcesFiltering - Copying 1 resource from src\main\resources to target\classes
2024-09-04 12:23:18,738 [Worker-67: Building] INFO  o.a.m.s.f.DefaultMavenResourcesFiltering - Copying 0 resource from src\main\resources to target\classes
2024-09-04 12:23:18,741 [Worker-67: Building] INFO  o.a.m.s.f.DefaultMavenResourcesFiltering - skip non existing resourceDirectory D:\Desktop\RPS Vendor\CGI_Adv_Java_Training\spring boot with no sql database\spring-rest-api-with-mongo-db\spring-rest-api-with-mongo-db\src\test\resources
2024-09-04 12:23:37,439 [Worker-77: Building] INFO  o.a.m.s.f.DefaultMavenResourcesFiltering - Copying 1 resource from src\main\resources to target\classes
2024-09-04 12:23:37,444 [Worker-77: Building] INFO  o.a.m.s.f.DefaultMavenResourcesFiltering - Copying 0 resource from src\main\resources to target\classes
2024-09-04 12:23:37,447 [Worker-77: Building] INFO  o.a.m.s.f.DefaultMavenResourcesFiltering - skip non existing resourceDirectory D:\Desktop\RPS Vendor\CGI_Adv_Java_Training\spring boot with no sql database\spring-rest-api-with-mongo-db\spring-rest-api-with-mongo-db\src\test\resources
2024-09-04 12:25:06,594 [Worker-67: Building] INFO  o.a.m.s.f.DefaultMavenResourcesFiltering - Copying 1 resource from src\main\resources to target\classes
2024-09-04 12:25:06,600 [Worker-67: Building] INFO  o.a.m.s.f.DefaultMavenResourcesFiltering - Copying 0 resource from src\main\resources to target\classes
2024-09-04 12:25:06,603 [Worker-67: Building] INFO  o.a.m.s.f.DefaultMavenResourcesFiltering - skip non existing resourceDirectory D:\Desktop\RPS Vendor\CGI_Adv_Java_Training\spring boot with no sql database\spring-rest-api-with-mongo-db\spring-rest-api-with-mongo-db\src\test\resources
2024-09-05 09:39:23,549 [Worker-7: Loading available Gradle versions] INFO  o.e.b.c.i.u.g.PublishedGradleVersions - Gradle version information cache is out-of-date. Trying to update.
2024-09-05 11:27:01,370 [Worker-51: Importing Maven projects] INFO  o.e.m.c.i.l.LifecycleMappingFactory - Using org.eclipse.m2e.jdt.JarLifecycleMapping lifecycle mapping for MavenProject: com.example:spring-boot-with-redis-demo-app:0.0.1-SNAPSHOT @ D:\Desktop\RPS Vendor\CGI_Adv_Java_Training\spring boot with no sql database\spring-boot-with-redis-demo-app\spring-boot-with-redis-demo-app\pom.xml.
2024-09-05 11:27:05,299 [Worker-51: Importing Maven projects] INFO  o.e.m.j.i.AbstractJavaProjectConfigurator - Adding source folder /spring-boot-with-redis-demo-app/src/main/java
2024-09-05 11:27:05,300 [Worker-51: Importing Maven projects] INFO  o.e.m.j.i.AbstractJavaProjectConfigurator - Adding resource folder /spring-boot-with-redis-demo-app/src/main/resources
2024-09-05 11:27:05,307 [Worker-51: Importing Maven projects] INFO  o.e.m.j.i.AbstractJavaProjectConfigurator - Adding resource folder /spring-boot-with-redis-demo-app/src/main/resources
2024-09-05 11:27:05,313 [Worker-51: Importing Maven projects] INFO  o.e.m.j.i.AbstractJavaProjectConfigurator - Adding source folder /spring-boot-with-redis-demo-app/src/test/java
2024-09-05 11:27:05,314 [Worker-51: Importing Maven projects] INFO  o.e.m.j.i.AbstractJavaProjectConfigurator - Adding resource folder /spring-boot-with-redis-demo-app/src/test/resources
2024-09-05 11:27:07,553 [Worker-51: Importing Maven projects] INFO  o.e.m.c.i.p.ProjectConfigurationManager - Imported and configured 1 project(s) in 11 sec
2024-09-05 11:27:08,288 [Worker-58: Building] INFO  o.a.m.s.f.DefaultMavenResourcesFiltering - Copying 1 resource from src\main\resources to target\classes
2024-09-05 11:27:08,306 [Worker-58: Building] INFO  o.a.m.s.f.DefaultMavenResourcesFiltering - Copying 0 resource from src\main\resources to target\classes
2024-09-05 11:27:08,310 [Worker-58: Building] INFO  o.a.m.s.f.DefaultMavenResourcesFiltering - skip non existing resourceDirectory D:\Desktop\RPS Vendor\CGI_Adv_Java_Training\spring boot with no sql database\spring-boot-with-redis-demo-app\spring-boot-with-redis-demo-app\src\test\resources
2024-09-05 11:30:37,529 [Worker-58: Building] INFO  o.a.m.s.f.DefaultMavenResourcesFiltering - Copying 1 resource from src\main\resources to target\classes
2024-09-05 11:30:37,534 [Worker-58: Building] INFO  o.a.m.s.f.DefaultMavenResourcesFiltering - Copying 0 resource from src\main\resources to target\classes
2024-09-05 11:30:37,537 [Worker-58: Building] INFO  o.a.m.s.f.DefaultMavenResourcesFiltering - skip non existing resourceDirectory D:\Desktop\RPS Vendor\CGI_Adv_Java_Training\spring boot with no sql database\spring-boot-with-redis-demo-app\spring-boot-with-redis-demo-app\src\test\resources
2024-09-05 11:30:51,187 [Worker-59: Building] INFO  o.a.m.s.f.DefaultMavenResourcesFiltering - Copying 1 resource from src\main\resources to target\classes
2024-09-05 11:30:51,192 [Worker-59: Building] INFO  o.a.m.s.f.DefaultMavenResourcesFiltering - Copying 0 resource from src\main\resources to target\classes
2024-09-05 11:30:51,194 [Worker-59: Building] INFO  o.a.m.s.f.DefaultMavenResourcesFiltering - skip non existing resourceDirectory D:\Desktop\RPS Vendor\CGI_Adv_Java_Training\spring boot with no sql database\spring-boot-with-redis-demo-app\spring-boot-with-redis-demo-app\src\test\resources
2024-09-05 11:31:04,759 [Worker-59: Building] INFO  o.a.m.s.f.DefaultMavenResourcesFiltering - Copying 1 resource from src\main\resources to target\classes
2024-09-05 11:31:04,764 [Worker-59: Building] INFO  o.a.m.s.f.DefaultMavenResourcesFiltering - Copying 0 resource from src\main\resources to target\classes
2024-09-05 11:31:04,769 [Worker-59: Building] INFO  o.a.m.s.f.DefaultMavenResourcesFiltering - skip non existing resourceDirectory D:\Desktop\RPS Vendor\CGI_Adv_Java_Training\spring boot with no sql database\spring-boot-with-redis-demo-app\spring-boot-with-redis-demo-app\src\test\resources
2024-09-05 11:31:37,123 [Worker-62: Building] INFO  o.a.m.s.f.DefaultMavenResourcesFiltering - Copying 1 resource from src\main\resources to target\classes
2024-09-05 11:31:37,133 [Worker-62: Building] INFO  o.a.m.s.f.DefaultMavenResourcesFiltering - Copying 0 resource from src\main\resources to target\classes
2024-09-05 11:31:37,136 [Worker-62: Building] INFO  o.a.m.s.f.DefaultMavenResourcesFiltering - skip non existing resourceDirectory D:\Desktop\RPS Vendor\CGI_Adv_Java_Training\spring boot with no sql database\spring-boot-with-redis-demo-app\spring-boot-with-redis-demo-app\src\test\resources
2024-09-05 11:32:13,253 [Worker-62: Building] INFO  o.a.m.s.f.DefaultMavenResourcesFiltering - Copying 1 resource from src\main\resources to target\classes
2024-09-05 11:32:13,260 [Worker-62: Building] INFO  o.a.m.s.f.DefaultMavenResourcesFiltering - Copying 0 resource from src\main\resources to target\classes
2024-09-05 11:32:13,263 [Worker-62: Building] INFO  o.a.m.s.f.DefaultMavenResourcesFiltering - skip non existing resourceDirectory D:\Desktop\RPS Vendor\CGI_Adv_Java_Training\spring boot with no sql database\spring-boot-with-redis-demo-app\spring-boot-with-redis-demo-app\src\test\resources
2024-09-05 11:32:15,870 [Worker-60: Building] INFO  o.a.m.s.f.DefaultMavenResourcesFiltering - Copying 1 resource from src\main\resources to target\classes
2024-09-05 11:32:15,874 [Worker-60: Building] INFO  o.a.m.s.f.DefaultMavenResourcesFiltering - Copying 0 resource from src\main\resources to target\classes
2024-09-05 11:32:15,877 [Worker-60: Building] INFO  o.a.m.s.f.DefaultMavenResourcesFiltering - skip non existing resourceDirectory D:\Desktop\RPS Vendor\CGI_Adv_Java_Training\spring boot with no sql database\spring-boot-with-redis-demo-app\spring-boot-with-redis-demo-app\src\test\resources
2024-09-05 11:33:24,751 [Worker-60: Building] INFO  o.a.m.s.f.DefaultMavenResourcesFiltering - Copying 1 resource from src\main\resources to target\classes
2024-09-05 11:33:24,756 [Worker-60: Building] INFO  o.a.m.s.f.DefaultMavenResourcesFiltering - Copying 0 resource from src\main\resources to target\classes
2024-09-05 11:33:24,759 [Worker-60: Building] INFO  o.a.m.s.f.DefaultMavenResourcesFiltering - skip non existing resourceDirectory D:\Desktop\RPS Vendor\CGI_Adv_Java_Training\spring boot with no sql database\spring-boot-with-redis-demo-app\spring-boot-with-redis-demo-app\src\test\resources
2024-09-05 11:34:09,374 [Worker-63: Building] INFO  o.a.m.s.f.DefaultMavenResourcesFiltering - Copying 1 resource from src\main\resources to target\classes
2024-09-05 11:34:09,379 [Worker-63: Building] INFO  o.a.m.s.f.DefaultMavenResourcesFiltering - Copying 0 resource from src\main\resources to target\classes
2024-09-05 11:34:09,382 [Worker-63: Building] INFO  o.a.m.s.f.DefaultMavenResourcesFiltering - skip non existing resourceDirectory D:\Desktop\RPS Vendor\CGI_Adv_Java_Training\spring boot with no sql database\spring-boot-with-redis-demo-app\spring-boot-with-redis-demo-app\src\test\resources
2024-09-05 11:35:11,447 [Worker-60: Building] INFO  o.a.m.s.f.DefaultMavenResourcesFiltering - Copying 1 resource from src\main\resources to target\classes
2024-09-05 11:35:11,454 [Worker-60: Building] INFO  o.a.m.s.f.DefaultMavenResourcesFiltering - Copying 0 resource from src\main\resources to target\classes
2024-09-05 11:35:11,456 [Worker-60: Building] INFO  o.a.m.s.f.DefaultMavenResourcesFiltering - skip non existing resourceDirectory D:\Desktop\RPS Vendor\CGI_Adv_Java_Training\spring boot with no sql database\spring-boot-with-redis-demo-app\spring-boot-with-redis-demo-app\src\test\resources
2024-09-05 11:35:28,174 [Worker-64: Building] INFO  o.a.m.s.f.DefaultMavenResourcesFiltering - Copying 1 resource from src\main\resources to target\classes
2024-09-05 11:35:28,178 [Worker-64: Building] INFO  o.a.m.s.f.DefaultMavenResourcesFiltering - Copying 0 resource from src\main\resources to target\classes
2024-09-05 11:35:28,180 [Worker-64: Building] INFO  o.a.m.s.f.DefaultMavenResourcesFiltering - skip non existing resourceDirectory D:\Desktop\RPS Vendor\CGI_Adv_Java_Training\spring boot with no sql database\spring-boot-with-redis-demo-app\spring-boot-with-redis-demo-app\src\test\resources
2024-09-05 11:36:44,590 [Worker-61: Building] INFO  o.a.m.s.f.DefaultMavenResourcesFiltering - Copying 1 resource from src\main\resources to target\classes
2024-09-05 11:36:44,594 [Worker-61: Building] INFO  o.a.m.s.f.DefaultMavenResourcesFiltering - Copying 0 resource from src\main\resources to target\classes
2024-09-05 11:36:44,598 [Worker-61: Building] INFO  o.a.m.s.f.DefaultMavenResourcesFiltering - skip non existing resourceDirectory D:\Desktop\RPS Vendor\CGI_Adv_Java_Training\spring boot with no sql database\spring-boot-with-redis-demo-app\spring-boot-with-redis-demo-app\src\test\resources
2024-09-05 11:39:14,802 [Worker-61: Building] INFO  o.a.m.s.f.DefaultMavenResourcesFiltering - Copying 1 resource from src\main\resources to target\classes
2024-09-05 11:39:14,808 [Worker-61: Building] INFO  o.a.m.s.f.DefaultMavenResourcesFiltering - Copying 0 resource from src\main\resources to target\classes
2024-09-05 11:39:14,811 [Worker-61: Building] INFO  o.a.m.s.f.DefaultMavenResourcesFiltering - skip non existing resourceDirectory D:\Desktop\RPS Vendor\CGI_Adv_Java_Training\spring boot with no sql database\spring-boot-with-redis-demo-app\spring-boot-with-redis-demo-app\src\test\resources
2024-09-05 11:40:24,481 [Worker-61: Building] INFO  o.a.m.s.f.DefaultMavenResourcesFiltering - Copying 1 resource from src\main\resources to target\classes
2024-09-05 11:40:24,485 [Worker-61: Building] INFO  o.a.m.s.f.DefaultMavenResourcesFiltering - Copying 0 resource from src\main\resources to target\classes
2024-09-05 11:40:24,486 [Worker-61: Building] INFO  o.a.m.s.f.DefaultMavenResourcesFiltering - skip non existing resourceDirectory D:\Desktop\RPS Vendor\CGI_Adv_Java_Training\spring boot with no sql database\spring-boot-with-redis-demo-app\spring-boot-with-redis-demo-app\src\test\resources
2024-09-05 11:42:03,533 [Worker-61: Building] INFO  o.a.m.s.f.DefaultMavenResourcesFiltering - Copying 1 resource from src\main\resources to target\classes
2024-09-05 11:42:03,538 [Worker-61: Building] INFO  o.a.m.s.f.DefaultMavenResourcesFiltering - Copying 0 resource from src\main\resources to target\classes
2024-09-05 11:42:03,540 [Worker-61: Building] INFO  o.a.m.s.f.DefaultMavenResourcesFiltering - skip non existing resourceDirectory D:\Desktop\RPS Vendor\CGI_Adv_Java_Training\spring boot with no sql database\spring-boot-with-redis-demo-app\spring-boot-with-redis-demo-app\src\test\resources
2024-09-05 11:42:35,573 [Worker-69: Building] INFO  o.a.m.s.f.DefaultMavenResourcesFiltering - Copying 1 resource from src\main\resources to target\classes
2024-09-05 11:42:35,576 [Worker-69: Building] INFO  o.a.m.s.f.DefaultMavenResourcesFiltering - Copying 0 resource from src\main\resources to target\classes
2024-09-05 11:42:35,578 [Worker-69: Building] INFO  o.a.m.s.f.DefaultMavenResourcesFiltering - skip non existing resourceDirectory D:\Desktop\RPS Vendor\CGI_Adv_Java_Training\spring boot with no sql database\spring-boot-with-redis-demo-app\spring-boot-with-redis-demo-app\src\test\resources
2024-09-05 11:42:39,421 [Worker-64: Building] INFO  o.a.m.s.f.DefaultMavenResourcesFiltering - Copying 1 resource from src\main\resources to target\classes
2024-09-05 11:42:39,425 [Worker-64: Building] INFO  o.a.m.s.f.DefaultMavenResourcesFiltering - Copying 0 resource from src\main\resources to target\classes
2024-09-05 11:42:39,427 [Worker-64: Building] INFO  o.a.m.s.f.DefaultMavenResourcesFiltering - skip non existing resourceDirectory D:\Desktop\RPS Vendor\CGI_Adv_Java_Training\spring boot with no sql database\spring-boot-with-redis-demo-app\spring-boot-with-redis-demo-app\src\test\resources
2024-09-05 11:43:04,590 [Worker-68: Building] INFO  o.a.m.s.f.DefaultMavenResourcesFiltering - Copying 1 resource from src\main\resources to target\classes
2024-09-05 11:43:04,593 [Worker-68: Building] INFO  o.a.m.s.f.DefaultMavenResourcesFiltering - Copying 0 resource from src\main\resources to target\classes
2024-09-05 11:43:04,595 [Worker-68: Building] INFO  o.a.m.s.f.DefaultMavenResourcesFiltering - skip non existing resourceDirectory D:\Desktop\RPS Vendor\CGI_Adv_Java_Training\spring boot with no sql database\spring-boot-with-redis-demo-app\spring-boot-with-redis-demo-app\src\test\resources
2024-09-05 11:44:39,362 [Worker-64: Building] INFO  o.a.m.s.f.DefaultMavenResourcesFiltering - Copying 1 resource from src\main\resources to target\classes
2024-09-05 11:44:39,364 [Worker-64: Building] INFO  o.a.m.s.f.DefaultMavenResourcesFiltering - Copying 0 resource from src\main\resources to target\classes
2024-09-05 11:44:39,368 [Worker-64: Building] INFO  o.a.m.s.f.DefaultMavenResourcesFiltering - skip non existing resourceDirectory D:\Desktop\RPS Vendor\CGI_Adv_Java_Training\spring boot with no sql database\spring-boot-with-redis-demo-app\spring-boot-with-redis-demo-app\src\test\resources
2024-09-05 11:45:33,281 [Worker-63: Building] INFO  o.a.m.s.f.DefaultMavenResourcesFiltering - Copying 1 resource from src\main\resources to target\classes
2024-09-05 11:45:33,285 [Worker-63: Building] INFO  o.a.m.s.f.DefaultMavenResourcesFiltering - Copying 0 resource from src\main\resources to target\classes
2024-09-05 11:45:33,287 [Worker-63: Building] INFO  o.a.m.s.f.DefaultMavenResourcesFiltering - skip non existing resourceDirectory D:\Desktop\RPS Vendor\CGI_Adv_Java_Training\spring boot with no sql database\spring-boot-with-redis-demo-app\spring-boot-with-redis-demo-app\src\test\resources
